                                      1 ;--------------------------------------------------------
                                      2 ; File Created by SDCC : free open source ANSI-C Compiler
                                      3 ; Version 4.1.0 #12072 (MINGW32)
                                      4 ;--------------------------------------------------------
                                      5 	.module main
                                      6 	.optsdcc -mgbz80
                                      7 	
                                      8 ;--------------------------------------------------------
                                      9 ; Public variables in this module
                                     10 ;--------------------------------------------------------
                                     11 	.globl _main
                                     12 	.globl _set_sprite_data
                                     13 	.globl _joypad
                                     14 	.globl _delay
                                     15 	.globl _C01
                                     16 ;--------------------------------------------------------
                                     17 ; special function registers
                                     18 ;--------------------------------------------------------
                                     19 ;--------------------------------------------------------
                                     20 ; ram data
                                     21 ;--------------------------------------------------------
                                     22 	.area _DATA
      000000                         23 _C01::
      000000                         24 	.ds 32
                                     25 ;--------------------------------------------------------
                                     26 ; absolute external ram data
                                     27 ;--------------------------------------------------------
                                     28 	.area _DABS (ABS)
                                     29 ;--------------------------------------------------------
                                     30 ; global & static initialisations
                                     31 ;--------------------------------------------------------
                                     32 	.area _HOME
                                     33 	.area _GSINIT
                                     34 	.area _GSFINAL
                                     35 	.area _GSINIT
                                     36 ;c01.c:26: unsigned char C01[] =
      000000 21r00r00                37 	ld	hl, #_C01
      000003 36 00                   38 	ld	(hl), #0x00
      000005 21r01r00                39 	ld	hl, #(_C01 + 0x0001)
      000008 36 3F                   40 	ld	(hl), #0x3f
      00000A 21r02r00                41 	ld	hl, #(_C01 + 0x0002)
      00000D 36 00                   42 	ld	(hl), #0x00
      00000F 21r03r00                43 	ld	hl, #(_C01 + 0x0003)
      000012 36 7F                   44 	ld	(hl), #0x7f
      000014 21r04r00                45 	ld	hl, #(_C01 + 0x0004)
      000017 36 01                   46 	ld	(hl), #0x01
      000019 21r05r00                47 	ld	hl, #(_C01 + 0x0005)
      00001C 36 F1                   48 	ld	(hl), #0xf1
      00001E 21r06r00                49 	ld	hl, #(_C01 + 0x0006)
      000021 36 05                   50 	ld	(hl), #0x05
      000023 21r07r00                51 	ld	hl, #(_C01 + 0x0007)
      000026 36 E5                   52 	ld	(hl), #0xe5
      000028 21r08r00                53 	ld	hl, #(_C01 + 0x0008)
      00002B 36 01                   54 	ld	(hl), #0x01
      00002D 21r09r00                55 	ld	hl, #(_C01 + 0x0009)
      000030 36 C1                   56 	ld	(hl), #0xc1
      000032 21r0Ar00                57 	ld	hl, #(_C01 + 0x000a)
      000035 36 03                   58 	ld	(hl), #0x03
      000037 21r0Br00                59 	ld	hl, #(_C01 + 0x000b)
      00003A 36 C3                   60 	ld	(hl), #0xc3
      00003C 21r0Cr00                61 	ld	hl, #(_C01 + 0x000c)
      00003F 36 0E                   62 	ld	(hl), #0x0e
      000041 21r0Dr00                63 	ld	hl, #(_C01 + 0x000d)
      000044 36 CE                   64 	ld	(hl), #0xce
      000046 21r0Er00                65 	ld	hl, #(_C01 + 0x000e)
      000049 36 38                   66 	ld	(hl), #0x38
      00004B 21r0Fr00                67 	ld	hl, #(_C01 + 0x000f)
      00004E 36 F8                   68 	ld	(hl), #0xf8
      000050 21r10r00                69 	ld	hl, #(_C01 + 0x0010)
      000053 36 00                   70 	ld	(hl), #0x00
      000055 21r11r00                71 	ld	hl, #(_C01 + 0x0011)
      000058 36 FC                   72 	ld	(hl), #0xfc
      00005A 21r12r00                73 	ld	hl, #(_C01 + 0x0012)
      00005D 36 00                   74 	ld	(hl), #0x00
      00005F 21r13r00                75 	ld	hl, #(_C01 + 0x0013)
      000062 36 FE                   76 	ld	(hl), #0xfe
      000064 21r14r00                77 	ld	hl, #(_C01 + 0x0014)
      000067 36 80                   78 	ld	(hl), #0x80
      000069 21r15r00                79 	ld	hl, #(_C01 + 0x0015)
      00006C 36 8F                   80 	ld	(hl), #0x8f
      00006E 21r16r00                81 	ld	hl, #(_C01 + 0x0016)
      000071 36 A0                   82 	ld	(hl), #0xa0
      000073 21r17r00                83 	ld	hl, #(_C01 + 0x0017)
      000076 36 A7                   84 	ld	(hl), #0xa7
      000078 21r18r00                85 	ld	hl, #(_C01 + 0x0018)
      00007B 36 80                   86 	ld	(hl), #0x80
      00007D 21r19r00                87 	ld	hl, #(_C01 + 0x0019)
      000080 36 83                   88 	ld	(hl), #0x83
      000082 21r1Ar00                89 	ld	hl, #(_C01 + 0x001a)
      000085 36 C0                   90 	ld	(hl), #0xc0
      000087 21r1Br00                91 	ld	hl, #(_C01 + 0x001b)
      00008A 36 C3                   92 	ld	(hl), #0xc3
      00008C 21r1Cr00                93 	ld	hl, #(_C01 + 0x001c)
      00008F 36 70                   94 	ld	(hl), #0x70
      000091 21r1Dr00                95 	ld	hl, #(_C01 + 0x001d)
      000094 36 73                   96 	ld	(hl), #0x73
      000096 21r1Er00                97 	ld	hl, #(_C01 + 0x001e)
      000099 36 1C                   98 	ld	(hl), #0x1c
      00009B 21r1Fr00                99 	ld	hl, #(_C01 + 0x001f)
      00009E 36 1F                  100 	ld	(hl), #0x1f
                                    101 ;--------------------------------------------------------
                                    102 ; Home
                                    103 ;--------------------------------------------------------
                                    104 	.area _HOME
                                    105 	.area _HOME
                                    106 ;--------------------------------------------------------
                                    107 ; code
                                    108 ;--------------------------------------------------------
                                    109 	.area _CODE
                                    110 ;main.c:5: void main () {
                                    111 ;	---------------------------------
                                    112 ; Function main
                                    113 ; ---------------------------------
      000000                        114 _main::
                                    115 ;main.c:7: set_sprite_data ( 0, 2, C01);
      000000 21r00r00               116 	ld	hl, #_C01
      000003 E5                     117 	push	hl
      000004 3E 02                  118 	ld	a, #0x02
      000006 F5                     119 	push	af
      000007 33                     120 	inc	sp
      000008 AF                     121 	xor	a, a
      000009 F5                     122 	push	af
      00000A 33                     123 	inc	sp
      00000B CDr00r00               124 	call	_set_sprite_data
      00000E E8 04                  125 	add	sp, #4
                                    126 ;c:/gbdk/include/gb/gb.h:1145: shadow_OAM[nb].tile=tile;
      000010 21r02r00               127 	ld	hl, #(_shadow_OAM + 0x0002)
      000013 36 00                  128 	ld	(hl), #0x00
                                    129 ;c:/gbdk/include/gb/gb.h:1218: OAM_item_t * itm = &shadow_OAM[nb];
      000015 21r00r00               130 	ld	hl, #_shadow_OAM
                                    131 ;c:/gbdk/include/gb/gb.h:1219: itm->y=y, itm->x=x;
      000018 3E 46                  132 	ld	a, #0x46
      00001A 22                     133 	ld	(hl+), a
      00001B 36 50                  134 	ld	(hl), #0x50
                                    135 ;main.c:10: SHOW_SPRITES;
      00001D F0r00                  136 	ldh	a, (_LCDC_REG+0)
      00001F F6 02                  137 	or	a, #0x02
      000021 E0r00                  138 	ldh	(_LCDC_REG+0),a
                                    139 ;main.c:12: while (1)
      000023                        140 00106$:
                                    141 ;main.c:14: switch (joypad()){
      000023 CDr00r00               142 	call	_joypad
      000026 7B                     143 	ld	a, e
      000027 FE 01                  144 	cp	a, #0x01
      000029 28 0A                  145 	jr	Z, 00101$
      00002B FE 02                  146 	cp	a, #0x02
      00002D 28 11                  147 	jr	Z, 00102$
      00002F D6 10                  148 	sub	a, #0x10
      000031 28 18                  149 	jr	Z, 00103$
      000033 18 20                  150 	jr	00104$
                                    151 ;main.c:16: case J_RIGHT:
      000035                        152 00101$:
                                    153 ;c:/gbdk/include/gb/gb.h:1234: OAM_item_t * itm = &shadow_OAM[nb];
      000035 01r00r00               154 	ld	bc, #_shadow_OAM
                                    155 ;c:/gbdk/include/gb/gb.h:1235: itm->y+=y, itm->x+=x;
      000038 0A                     156 	ld	a, (bc)
      000039 02                     157 	ld	(bc), a
      00003A 03                     158 	inc	bc
      00003B 0A                     159 	ld	a, (bc)
      00003C 3C                     160 	inc	a
      00003D 02                     161 	ld	(bc), a
                                    162 ;main.c:19: break;
      00003E 18 15                  163 	jr	00104$
                                    164 ;main.c:21: case J_LEFT:
      000040                        165 00102$:
                                    166 ;c:/gbdk/include/gb/gb.h:1234: OAM_item_t * itm = &shadow_OAM[nb];
      000040 01r00r00               167 	ld	bc, #_shadow_OAM
                                    168 ;c:/gbdk/include/gb/gb.h:1235: itm->y+=y, itm->x+=x;
      000043 0A                     169 	ld	a, (bc)
      000044 02                     170 	ld	(bc), a
      000045 03                     171 	inc	bc
      000046 0A                     172 	ld	a, (bc)
      000047 3D                     173 	dec	a
      000048 02                     174 	ld	(bc), a
                                    175 ;main.c:24: break;
      000049 18 0A                  176 	jr	00104$
                                    177 ;main.c:26: case J_A:
      00004B                        178 00103$:
                                    179 ;c:/gbdk/include/gb/gb.h:1234: OAM_item_t * itm = &shadow_OAM[nb];
      00004B 01r00r00               180 	ld	bc, #_shadow_OAM
                                    181 ;c:/gbdk/include/gb/gb.h:1235: itm->y+=y, itm->x+=x;
      00004E 0A                     182 	ld	a, (bc)
      00004F C6 FD                  183 	add	a, #0xfd
      000051 02                     184 	ld	(bc), a
      000052 03                     185 	inc	bc
      000053 0A                     186 	ld	a, (bc)
      000054 02                     187 	ld	(bc), a
                                    188 ;main.c:31: }
      000055                        189 00104$:
                                    190 ;main.c:33: delay(100);
      000055 21 64 00               191 	ld	hl, #0x0064
      000058 E5                     192 	push	hl
      000059 CDr00r00               193 	call	_delay
      00005C E8 02                  194 	add	sp, #2
                                    195 ;main.c:38: }
      00005E 18 C3                  196 	jr	00106$
                                    197 	.area _CODE
                                    198 	.area _CABS (ABS)
