                                      1 ;--------------------------------------------------------
                                      2 ; File Created by SDCC : free open source ANSI-C Compiler
                                      3 ; Version 4.1.0 #12072 (MINGW32)
                                      4 ;--------------------------------------------------------
                                      5 	.module main
                                      6 	.optsdcc -mgbz80
                                      7 	
                                      8 ;--------------------------------------------------------
                                      9 ; Public variables in this module
                                     10 ;--------------------------------------------------------
                                     11 	.globl _main
                                     12 	.globl _printf
                                     13 ;--------------------------------------------------------
                                     14 ; special function registers
                                     15 ;--------------------------------------------------------
                                     16 ;--------------------------------------------------------
                                     17 ; ram data
                                     18 ;--------------------------------------------------------
                                     19 	.area _DATA
                                     20 ;--------------------------------------------------------
                                     21 ; absolute external ram data
                                     22 ;--------------------------------------------------------
                                     23 	.area _DABS (ABS)
                                     24 ;--------------------------------------------------------
                                     25 ; global & static initialisations
                                     26 ;--------------------------------------------------------
                                     27 	.area _HOME
                                     28 	.area _GSINIT
                                     29 	.area _GSFINAL
                                     30 	.area _GSINIT
                                     31 ;--------------------------------------------------------
                                     32 ; Home
                                     33 ;--------------------------------------------------------
                                     34 	.area _HOME
                                     35 	.area _HOME
                                     36 ;--------------------------------------------------------
                                     37 ; code
                                     38 ;--------------------------------------------------------
                                     39 	.area _CODE
                                     40 ;main.c:3: void main(){
                                     41 ;	---------------------------------
                                     42 ; Function main
                                     43 ; ---------------------------------
      000000                         44 _main::
                                     45 ;main.c:4: while (1)
      000000                         46 00102$:
                                     47 ;main.c:6: printf("helloworld");
      000000 21r0Br00                48 	ld	hl, #___str_0
      000003 E5                      49 	push	hl
      000004 CDr00r00                50 	call	_printf
      000007 E8 02                   51 	add	sp, #2
                                     52 ;main.c:15: }
      000009 18 F5                   53 	jr	00102$
      00000B                         54 ___str_0:
      00000B 68 65 6C 6C 6F 77 6F    55 	.ascii "helloworld"
             72 6C 64
      000015 00                      56 	.db 0x00
                                     57 	.area _CODE
                                     58 	.area _CABS (ABS)
